<?xml version="1.0" encoding="UTF-8"?>
<!-- Generated by org.testng.reporters.JUnitReportReporter -->
<testsuite hostname="DESKTOP-1D3CBA8" failures="0" tests="8" name="sample.SEND_MONEY" time="75.774" errors="0" timestamp="2023-01-03T16:13:35 IST" skipped="0">
  <testcase classname="sample.SEND_MONEY" name="SENDMONEY" time="9.087"/>
  <system-out/>
  <testcase classname="sample.SEND_MONEY" name="SENDMONEY" time="9.262"/>
  <system-out/>
  <testcase classname="sample.SEND_MONEY" name="SENDMONEY" time="10.165"/>
  <system-out/>
  <testcase classname="sample.SEND_MONEY" name="SENDMONEY" time="11.018"/>
  <system-out/>
  <testcase classname="sample.SEND_MONEY" name="SENDMONEY" time="8.366"/>
  <system-out/>
  <testcase classname="sample.SEND_MONEY" name="SENDMONEY" time="9.246"/>
  <system-out/>
  <testcase classname="sample.SEND_MONEY" name="SENDMONEY" time="9.989"/>
  <system-out/>
  <testcase classname="sample.SEND_MONEY" name="SENDMONEY" time="8.641"/>
  <system-out/>
</testsuite> <!-- sample.SEND_MONEY -->
