<?xml version="1.0" encoding="UTF-8"?>
<!-- Generated by org.testng.reporters.JUnitReportReporter -->
<testsuite hostname="DESKTOP-1D3CBA8" failures="0" tests="8" name="sample.PAYMENT_REQUEST" time="83.113" errors="0" timestamp="2023-01-03T11:58:04 IST" skipped="0">
  <testcase classname="sample.PAYMENT_REQUEST" name="MONEYREQ" time="9.886"/>
  <system-out/>
  <testcase classname="sample.PAYMENT_REQUEST" name="MONEYREQ" time="10.321"/>
  <system-out/>
  <testcase classname="sample.PAYMENT_REQUEST" name="MONEYREQ" time="12.749"/>
  <system-out/>
  <testcase classname="sample.PAYMENT_REQUEST" name="MONEYREQ" time="9.730"/>
  <system-out/>
  <testcase classname="sample.PAYMENT_REQUEST" name="MONEYREQ" time="9.737"/>
  <system-out/>
  <testcase classname="sample.PAYMENT_REQUEST" name="MONEYREQ" time="9.896"/>
  <system-out/>
  <testcase classname="sample.PAYMENT_REQUEST" name="MONEYREQ" time="10.186"/>
  <system-out/>
  <testcase classname="sample.PAYMENT_REQUEST" name="MONEYREQ" time="10.608"/>
  <system-out/>
</testsuite> <!-- sample.PAYMENT_REQUEST -->
