<?xml version="1.0" encoding="UTF-8"?>
<!-- Generated by org.testng.reporters.JUnitReportReporter -->
<testsuite hostname="DESKTOP-1D3CBA8" failures="0" tests="8" name="sample.PAYMENT_REQUEST" time="70.737" errors="0" timestamp="2023-01-03T16:13:35 IST" skipped="0">
  <testcase classname="sample.PAYMENT_REQUEST" name="MONEYREQ" time="8.403"/>
  <system-out/>
  <testcase classname="sample.PAYMENT_REQUEST" name="MONEYREQ" time="9.132"/>
  <system-out/>
  <testcase classname="sample.PAYMENT_REQUEST" name="MONEYREQ" time="8.815"/>
  <system-out/>
  <testcase classname="sample.PAYMENT_REQUEST" name="MONEYREQ" time="8.740"/>
  <system-out/>
  <testcase classname="sample.PAYMENT_REQUEST" name="MONEYREQ" time="8.198"/>
  <system-out/>
  <testcase classname="sample.PAYMENT_REQUEST" name="MONEYREQ" time="9.210"/>
  <system-out/>
  <testcase classname="sample.PAYMENT_REQUEST" name="MONEYREQ" time="9.112"/>
  <system-out/>
  <testcase classname="sample.PAYMENT_REQUEST" name="MONEYREQ" time="9.127"/>
  <system-out/>
</testsuite> <!-- sample.PAYMENT_REQUEST -->
