<?xml version="1.0" encoding="UTF-8"?>
<!-- Generated by org.testng.reporters.JUnitReportReporter -->
<testsuite hostname="DESKTOP-1D3CBA8" failures="0" tests="8" name="sample.SEND_MONEY" time="78.031" errors="0" timestamp="2023-01-02T16:47:20 IST" skipped="0">
  <testcase classname="sample.SEND_MONEY" name="SENDMONEY" time="9.131"/>
  <system-out/>
  <testcase classname="sample.SEND_MONEY" name="SENDMONEY" time="10.381"/>
  <system-out/>
  <testcase classname="sample.SEND_MONEY" name="SENDMONEY" time="9.317"/>
  <system-out/>
  <testcase classname="sample.SEND_MONEY" name="SENDMONEY" time="10.564"/>
  <system-out/>
  <testcase classname="sample.SEND_MONEY" name="SENDMONEY" time="10.553"/>
  <system-out/>
  <testcase classname="sample.SEND_MONEY" name="SENDMONEY" time="9.004"/>
  <system-out/>
  <testcase classname="sample.SEND_MONEY" name="SENDMONEY" time="9.279"/>
  <system-out/>
  <testcase classname="sample.SEND_MONEY" name="SENDMONEY" time="9.802"/>
  <system-out/>
</testsuite> <!-- sample.SEND_MONEY -->
