<?xml version="1.0" encoding="UTF-8"?>
<!-- Generated by org.testng.reporters.JUnitReportReporter -->
<testsuite hostname="DESKTOP-1D3CBA8" failures="0" tests="8" name="sample.EXCHANGE_MONEY" time="71.197" errors="0" timestamp="2023-01-03T16:13:35 IST" skipped="0">
  <testcase classname="sample.EXCHANGE_MONEY" name="EXCHANGEMONEY" time="8.990"/>
  <system-out/>
  <testcase classname="sample.EXCHANGE_MONEY" name="EXCHANGEMONEY" time="8.598"/>
  <system-out/>
  <testcase classname="sample.EXCHANGE_MONEY" name="EXCHANGEMONEY" time="8.111"/>
  <system-out/>
  <testcase classname="sample.EXCHANGE_MONEY" name="EXCHANGEMONEY" time="7.979"/>
  <system-out/>
  <testcase classname="sample.EXCHANGE_MONEY" name="EXCHANGEMONEY" time="8.774"/>
  <system-out/>
  <testcase classname="sample.EXCHANGE_MONEY" name="EXCHANGEMONEY" time="9.583"/>
  <system-out/>
  <testcase classname="sample.EXCHANGE_MONEY" name="EXCHANGEMONEY" time="8.556"/>
  <system-out/>
  <testcase classname="sample.EXCHANGE_MONEY" name="EXCHANGEMONEY" time="10.606"/>
  <system-out/>
</testsuite> <!-- sample.EXCHANGE_MONEY -->
