<?xml version="1.0" encoding="UTF-8"?>
<!-- Generated by org.testng.reporters.JUnitReportReporter -->
<testsuite hostname="DESKTOP-1D3CBA8" failures="0" tests="8" name="sample.DASHBOARD_01" time="109.261" errors="0" timestamp="2023-01-02T16:47:20 IST" skipped="0">
  <testcase classname="sample.DASHBOARD_01" name="SUPPORTTICKET" time="12.461"/>
  <system-out/>
  <testcase classname="sample.DASHBOARD_01" name="SUPPORTTICKET" time="14.863"/>
  <system-out/>
  <testcase classname="sample.DASHBOARD_01" name="SUPPORTTICKET" time="12.667"/>
  <system-out/>
  <testcase classname="sample.DASHBOARD_01" name="SUPPORTTICKET" time="14.407"/>
  <system-out/>
  <testcase classname="sample.DASHBOARD_01" name="SUPPORTTICKET" time="14.211"/>
  <system-out/>
  <testcase classname="sample.DASHBOARD_01" name="SUPPORTTICKET" time="14.037"/>
  <system-out/>
  <testcase classname="sample.DASHBOARD_01" name="SUPPORTTICKET" time="14.305"/>
  <system-out/>
  <testcase classname="sample.DASHBOARD_01" name="SUPPORTTICKET" time="12.310"/>
  <system-out/>
</testsuite> <!-- sample.DASHBOARD_01 -->
