<?xml version="1.0" encoding="UTF-8"?>
<!-- Generated by org.testng.reporters.JUnitReportReporter -->
<testsuite hostname="DESKTOP-1D3CBA8" failures="0" tests="8" name="sample.WIRE_TRANSFER" time="74.140" errors="0" timestamp="2023-01-03T16:13:35 IST" skipped="0">
  <testcase classname="sample.WIRE_TRANSFER" name="WIRETRANS" time="8.442"/>
  <system-out/>
  <testcase classname="sample.WIRE_TRANSFER" name="WIRETRANS" time="9.434"/>
  <system-out/>
  <testcase classname="sample.WIRE_TRANSFER" name="WIRETRANS" time="8.637"/>
  <system-out/>
  <testcase classname="sample.WIRE_TRANSFER" name="WIRETRANS" time="9.739"/>
  <system-out/>
  <testcase classname="sample.WIRE_TRANSFER" name="WIRETRANS" time="9.038"/>
  <system-out/>
  <testcase classname="sample.WIRE_TRANSFER" name="WIRETRANS" time="11.111"/>
  <system-out/>
  <testcase classname="sample.WIRE_TRANSFER" name="WIRETRANS" time="8.369"/>
  <system-out/>
  <testcase classname="sample.WIRE_TRANSFER" name="WIRETRANS" time="9.370"/>
  <system-out/>
</testsuite> <!-- sample.WIRE_TRANSFER -->
