<?xml version="1.0" encoding="UTF-8"?>
<!-- Generated by org.testng.reporters.JUnitReportReporter -->
<testsuite hostname="DESKTOP-1D3CBA8" failures="0" tests="8" name="sample.EXCHANGE_MONEY" time="74.306" errors="0" timestamp="2023-01-02T16:47:20 IST" skipped="0">
  <testcase classname="sample.EXCHANGE_MONEY" name="EXCHANGEMONEY" time="8.938"/>
  <system-out/>
  <testcase classname="sample.EXCHANGE_MONEY" name="EXCHANGEMONEY" time="9.120"/>
  <system-out/>
  <testcase classname="sample.EXCHANGE_MONEY" name="EXCHANGEMONEY" time="8.594"/>
  <system-out/>
  <testcase classname="sample.EXCHANGE_MONEY" name="EXCHANGEMONEY" time="10.016"/>
  <system-out/>
  <testcase classname="sample.EXCHANGE_MONEY" name="EXCHANGEMONEY" time="9.118"/>
  <system-out/>
  <testcase classname="sample.EXCHANGE_MONEY" name="EXCHANGEMONEY" time="10.018"/>
  <system-out/>
  <testcase classname="sample.EXCHANGE_MONEY" name="EXCHANGEMONEY" time="9.872"/>
  <system-out/>
  <testcase classname="sample.EXCHANGE_MONEY" name="EXCHANGEMONEY" time="8.630"/>
  <system-out/>
</testsuite> <!-- sample.EXCHANGE_MONEY -->
