<?xml version="1.0" encoding="UTF-8"?>
<!-- Generated by org.testng.reporters.JUnitReportReporter -->
<testsuite hostname="DESKTOP-1D3CBA8" failures="0" tests="8" name="sample.WIRE_TRANSFER" time="72.489" errors="0" timestamp="2023-01-02T22:57:51 IST" skipped="0">
  <testcase classname="sample.WIRE_TRANSFER" name="WIRETRANS" time="9.886"/>
  <system-out/>
  <testcase classname="sample.WIRE_TRANSFER" name="WIRETRANS" time="9.193"/>
  <system-out/>
  <testcase classname="sample.WIRE_TRANSFER" name="WIRETRANS" time="8.295"/>
  <system-out/>
  <testcase classname="sample.WIRE_TRANSFER" name="WIRETRANS" time="8.855"/>
  <system-out/>
  <testcase classname="sample.WIRE_TRANSFER" name="WIRETRANS" time="9.480"/>
  <system-out/>
  <testcase classname="sample.WIRE_TRANSFER" name="WIRETRANS" time="10.060"/>
  <system-out/>
  <testcase classname="sample.WIRE_TRANSFER" name="WIRETRANS" time="8.209"/>
  <system-out/>
  <testcase classname="sample.WIRE_TRANSFER" name="WIRETRANS" time="8.511"/>
  <system-out/>
</testsuite> <!-- sample.WIRE_TRANSFER -->
