<?xml version="1.0" encoding="UTF-8"?>
<!-- Generated by org.testng.reporters.JUnitReportReporter -->
<testsuite hostname="DESKTOP-1D3CBA8" failures="0" tests="8" name="sample.EXCHANGE_MONEY" time="74.934" errors="0" timestamp="2023-01-02T22:57:51 IST" skipped="0">
  <testcase classname="sample.EXCHANGE_MONEY" name="EXCHANGEMONEY" time="8.828"/>
  <system-out/>
  <testcase classname="sample.EXCHANGE_MONEY" name="EXCHANGEMONEY" time="9.356"/>
  <system-out/>
  <testcase classname="sample.EXCHANGE_MONEY" name="EXCHANGEMONEY" time="9.228"/>
  <system-out/>
  <testcase classname="sample.EXCHANGE_MONEY" name="EXCHANGEMONEY" time="10.468"/>
  <system-out/>
  <testcase classname="sample.EXCHANGE_MONEY" name="EXCHANGEMONEY" time="9.545"/>
  <system-out/>
  <testcase classname="sample.EXCHANGE_MONEY" name="EXCHANGEMONEY" time="8.600"/>
  <system-out/>
  <testcase classname="sample.EXCHANGE_MONEY" name="EXCHANGEMONEY" time="9.257"/>
  <system-out/>
  <testcase classname="sample.EXCHANGE_MONEY" name="EXCHANGEMONEY" time="9.652"/>
  <system-out/>
</testsuite> <!-- sample.EXCHANGE_MONEY -->
