<?xml version="1.0" encoding="UTF-8"?>
<!-- Generated by org.testng.reporters.JUnitReportReporter -->
<testsuite hostname="DESKTOP-1D3CBA8" failures="0" tests="8" name="sample.SEND_MONEY" time="76.875" errors="0" timestamp="2023-01-02T22:57:51 IST" skipped="0">
  <testcase classname="sample.SEND_MONEY" name="SENDMONEY" time="8.520"/>
  <system-out/>
  <testcase classname="sample.SEND_MONEY" name="SENDMONEY" time="10.352"/>
  <system-out/>
  <testcase classname="sample.SEND_MONEY" name="SENDMONEY" time="9.678"/>
  <system-out/>
  <testcase classname="sample.SEND_MONEY" name="SENDMONEY" time="9.342"/>
  <system-out/>
  <testcase classname="sample.SEND_MONEY" name="SENDMONEY" time="11.418"/>
  <system-out/>
  <testcase classname="sample.SEND_MONEY" name="SENDMONEY" time="8.454"/>
  <system-out/>
  <testcase classname="sample.SEND_MONEY" name="SENDMONEY" time="10.381"/>
  <system-out/>
  <testcase classname="sample.SEND_MONEY" name="SENDMONEY" time="8.730"/>
  <system-out/>
</testsuite> <!-- sample.SEND_MONEY -->
